2023-09-27 23:59:09,065 - Eduardo Alarcón ha eliminado las reservas pasadas de tiempo
2023-09-28 00:07:55,475 - Pablo Paredes Romero ha eliminado las reservas pasadas de tiempo
2023-09-28 11:12:00,488 - Carmen Carrión Galván ha cambiado el estado de la taquilla de 100496106 de 2.2.C.G041 a Ocupada
2023-09-28 12:23:20,450 - Carmen Carrión Galván ha eliminado las reservas pasadas de tiempo
2023-09-28 12:49:15,960 - Carmen Carrión Galván ha cambiado el estado de la taquilla de 100450748 de 1.0.F.P026 a Ocupada
2023-09-28 12:51:26,435 - Carmen Carrión Galván ha cambiado el estado de la taquilla de 100452000 de 4.0.E.G017 a Ocupada
2023-09-28 12:53:39,746 - Carmen Carrión Galván ha eliminado la taquilla 4.0.E.G017
2023-09-28 12:54:26,076 - Carmen Carrión Galván ha cambiado el estado de la taquilla de 100452000 de 4.0.E.G032 a Ocupada
2023-09-28 12:57:27,824 - Carmen Carrión Galván ha cambiado el estado de la taquilla de 100521904 de 4.0.E.G009 a Ocupada
2023-09-28 12:58:04,149 - Carmen Carrión Galván ha cambiado el estado de la taquilla de 100521904 de 4.0.E.G009 a Reservada
2023-09-28 12:58:25,707 - Carmen Carrión Galván ha cambiado el estado de la taquilla de 100521904 de 4.0.E.G009 a Reservada
2023-09-28 12:58:30,696 - Carmen Carrión Galván ha cambiado el estado de la taquilla de 100521904 de 4.0.E.G009 a Ocupada
2023-09-28 13:08:45,711 - Carmen Carrión Galván ha cambiado el estado de la taquilla de 100522283 de 1.0.F.P049 a Ocupada
2023-09-28 15:40:31,948 - Laura Belizón Merchán ha cambiado el estado de la taquilla de 100498983 de 4.0.E.G001 a Ocupada
2023-09-28 16:49:58,338 - Laura Belizón Merchán ha cambiado el estado de la taquilla de 100496182 de 1.0.E.P003 a Ocupada
2023-09-28 16:54:19,102 - Laura Belizón Merchán ha cambiado la taquilla 2.3.C.G088 a 2.3.A.G001
2023-09-28 17:16:16,436 - Pablo Paredes Romero ha eliminado las reservas pasadas de tiempo
2023-09-28 17:16:29,230 - Salvador Ayala Iglesias ha eliminado las reservas pasadas de tiempo
2023-09-29 08:49:15,576 - Pablo Paredes Romero ha cambiado el estado de la taquilla de 100496096 de 2.3.A.G001 a Ocupada
2023-09-29 08:51:01,585 - Pablo Paredes Romero ha cambiado el estado de la taquilla de 100406199 de 4.0.E.G025 a Ocupada
2023-09-29 12:24:20,721 - Matías Scarpa González ha cambiado el estado de la taquilla de 100472788 de 4.0.E.G074 a Ocupada
2023-09-29 12:50:39,046 - Matías Scarpa González ha cambiado el estado de la taquilla de 100472904 de 4.0.E.G010 a Ocupada
2023-09-29 12:51:00,123 - Matías Scarpa González ha cambiado el estado de la taquilla de 100475318 de 4.0.E.G027 a Ocupada
2023-09-29 12:53:11,232 - Matías Scarpa González ha cambiado el estado de la taquilla de 100472904 de 4.0.E.G010 a Ocupada
2023-09-29 12:55:14,792 - Matías Scarpa González ha cambiado el estado de la taquilla de 100461106 de 7.0.J.G001 a Ocupada
2023-09-29 14:39:19,243 - Carmen Carrión Galván ha cambiado el estado de la taquilla de 100525998 de 4.0.E.G005 a Ocupada
2023-09-29 14:45:06,856 - Carmen Carrión Galván ha cambiado el estado de la taquilla de 100451775 de 4.0.E.G007 a Ocupada
2023-09-29 14:51:28,994 - Carmen Carrión Galván ha cambiado el estado de la taquilla de 100451775 de 4.0.E.G007 a Reservada
2023-09-29 15:06:32,902 - Carmen Carrión Galván ha cambiado el estado de la taquilla de 100507613 de 4.0.E.G029 a Ocupada
2023-09-29 17:00:29,670 - Carmen Carrión Galván ha cambiado el estado de la taquilla de 100429835 de 1.1.G.G021 a Ocupada
2023-10-02 09:33:04,299 - Eduardo Alarcón ha descargado la base de datos
2023-10-02 14:43:49,540 - Pablo Paredes Romero ha cambiado el estado de la taquilla de 100429306 de 4.0.E.G022 a Ocupada
2023-10-02 14:53:11,132 - Pablo Paredes Romero ha cambiado la taquilla 4.0.E.G005 a 4.0.E.G020
2023-10-02 14:53:47,139 - Pablo Paredes Romero ha cambiado el estado de la taquilla de 100525998 de 4.0.E.G020 a Ocupada
2023-10-02 17:02:26,463 - Pablo Paredes Romero ha cambiado la taquilla 7.0.J.G001 a 7.0.J.G003
2023-10-02 17:02:29,452 - Pablo Paredes Romero ha cambiado la taquilla 7.0.J.G003 a 7.0.J.G001
2023-10-02 17:10:12,315 - Pablo Paredes Romero ha cambiado la taquilla 4.0.E.G009 a 4.0.E.G024
2023-10-02 17:10:14,510 - Pablo Paredes Romero ha cambiado la taquilla 4.0.E.G024 a 4.0.E.G017
2023-10-02 17:10:21,408 - Pablo Paredes Romero ha cambiado la taquilla 4.0.E.G017 a 4.0.E.G021
2023-10-02 17:10:23,758 - Pablo Paredes Romero ha cambiado la taquilla 4.0.E.G021 a 4.0.E.G017
2023-10-02 17:10:24,732 - Pablo Paredes Romero ha cambiado los datos de la taquilla 4.0.E.G017
2023-10-02 17:11:35,768 - Pablo Paredes Romero ha cambiado la taquilla 7.0.J.G001 a 7.0.J.G003
2023-10-02 17:11:37,517 - Pablo Paredes Romero ha cambiado la taquilla 7.0.J.G003 a 7.0.J.G001
2023-10-02 17:11:37,937 - Pablo Paredes Romero ha cambiado la taquilla 7.0.J.G001 a 7.0.J.G003
2023-10-02 17:11:41,277 - Pablo Paredes Romero ha cambiado la taquilla 7.0.J.G003 a 7.0.J.G001
2023-10-02 17:11:43,463 - Pablo Paredes Romero ha cambiado la taquilla 7.0.J.G001 a 7.0.J.G003
2023-10-02 17:11:44,114 - Pablo Paredes Romero ha cambiado la taquilla 7.0.J.G003 a 7.0.J.G001
2023-10-02 17:11:49,789 - Pablo Paredes Romero ha cambiado la taquilla 7.0.J.G001 a 7.0.J.G003
2023-10-02 17:11:52,589 - Pablo Paredes Romero ha cambiado la taquilla 7.0.J.G003 a 7.0.J.G001
2023-10-02 17:11:54,555 - Pablo Paredes Romero ha cambiado los datos de la taquilla 7.0.J.G001
2023-10-02 17:13:47,125 - Pablo Paredes Romero ha cambiado la taquilla 4.0.E.G017 a 4.0.E.G024
2023-10-02 17:14:11,304 - Pablo Paredes Romero ha cambiado los datos de la taquilla 4.0.E.G024
2023-10-02 17:14:41,056 - Pablo Paredes Romero ha cambiado la taquilla 7.0.J.G001 a 7.0.J.G003
2023-10-02 17:14:54,569 - Pablo Paredes Romero ha cambiado los datos de la taquilla 7.0.J.G003
2023-10-02 19:00:23,570 - Pablo Paredes Romero ha cambiado el estado de la taquilla de 100496936 de 2.3.C.G092 a Ocupada
2023-10-03 08:56:05,449 - Eduardo Alarcón ha cambiado el estado de la taquilla de 100999999 de 4.2.E.G078 a No Disponible
2023-10-03 10:27:25,867 - Juan Martín Hernández ha cambiado el estado de la taquilla de 100496511 de 1.0.E.P015 a Reservada
2023-10-03 10:27:45,821 - Juan Martín Hernández ha cambiado el estado de la taquilla de 100496511 de 1.0.E.P015 a Reservada
2023-10-03 10:28:39,396 - Juan Martín Hernández ha cambiado los datos de la taquilla 1.0.E.P015
2023-10-03 11:24:39,800 - Jorge Lázaro Ruiz ha cambiado el estado de la taquilla de 100475785 de 2.2.C.P016 a Ocupada
2023-10-03 11:54:54,792 - Jorge Lázaro Ruiz ha cambiado el estado de la taquilla de 100364252 de 2.2.C.P015 a Ocupada
2023-10-03 13:46:35,464 - Jorge Lázaro Ruiz ha cambiado el estado de la taquilla de 100429832 de 4.0.E.G014 a Ocupada
2023-10-03 14:44:38,013 - Jorge Lázaro Ruiz ha cambiado la taquilla 4.0.E.G003 a 4.0.E.G012
2023-10-03 14:47:34,699 - Jorge Lázaro Ruiz ha cambiado el estado de la taquilla de 100428555 de 4.0.E.G012 a Ocupada
2023-10-03 14:50:05,983 - Jorge Lázaro Ruiz ha cambiado el estado de la taquilla de 100429563 de 4.0.E.G087 a Ocupada
2023-10-04 17:04:59,968 - Eduardo Alarcón ha cambiado el estado de la taquilla de 100471886 de 4.0.E.G019 a Ocupada
2023-10-05 10:58:25,170 - Pablo Paredes Romero ha cambiado el estado de la taquilla de 100451617 de 2.2.C.P017 a Ocupada
2023-10-05 12:29:24,364 - Pablo Paredes Romero ha cambiado el estado de la taquilla de 100429532 de 1.0.F.P035 a Ocupada
2023-10-05 12:29:48,121 - Pablo Paredes Romero ha cambiado el estado de la taquilla de 100384115 de 4.0.E.G033 a Ocupada
2023-10-05 12:34:24,364 - Pablo Paredes Romero ha eliminado la taquilla 1.0.E.P001
2023-10-05 12:34:36,816 - Pablo Paredes Romero ha eliminado la taquilla 1.0.E.G009
2023-10-05 12:35:26,231 - Pablo Paredes Romero ha eliminado la taquilla 4.0.E.G002
2023-10-05 12:36:41,684 - Pablo Paredes Romero ha eliminado la taquilla 1.0.E.P007
2023-10-05 12:37:57,220 - Pablo Paredes Romero ha eliminado las reservas pasadas de tiempo
2023-10-05 12:41:30,893 - Pablo Paredes Romero ha cambiado los datos de la taquilla 2.3.C.G061
2023-10-05 12:43:20,271 - Pablo Paredes Romero ha eliminado la taquilla 4.0.E.G009
2023-10-05 12:44:22,618 - Pablo Paredes Romero ha cambiado el estado de la taquilla de 100521904 de 4.0.E.G009 a Ocupada
2023-10-05 12:46:31,971 - Pablo Paredes Romero ha eliminado la taquilla 4.0.E.G024
2023-10-05 13:07:22,125 - Pablo Paredes Romero ha eliminado la taquilla 4.0.E.G097
2023-10-05 13:20:40,324 - Pablo Paredes Romero ha cambiado el estado de la taquilla de 100451415 de 7.1.J.G013 a Ocupada
2023-10-05 13:21:53,566 - Pablo Paredes Romero ha cambiado el estado de la taquilla de 100471966 de 1.0.E.G009 a Ocupada
2023-10-05 15:27:21,992 - Laura Belizón Merchán ha cambiado el estado de la taquilla de 100406164 de 1.0.F.P030 a Ocupada
2023-10-05 16:28:05,880 - Laura Belizón Merchán ha cambiado el estado de la taquilla de 100496050 de 1.0.E.P001 a Ocupada
2023-10-05 17:49:51,432 - Pablo Paredes Romero ha eliminado las reservas pasadas de tiempo
2023-10-05 23:55:31,570 - Pablo Paredes Romero ha eliminado las reservas pasadas de tiempo
2023-10-06 00:02:51,701 - Eduardo Alarcón ha descargado la base de datos
2023-10-06 00:36:50,983 - Pablo Paredes Romero ha eliminado las reservas pasadas de tiempo
2023-10-06 00:44:17,682 - Eduardo Alarcón ha eliminado las reservas pasadas de tiempo
2023-10-06 00:48:33,914 - Pablo Paredes Romero ha cambiado el estado de la taquilla de 100429306 de 4.0.E.G022 a Ocupada
2023-10-06 00:50:15,962 - Pablo Paredes Romero ha cambiado los datos de la taquilla 1.0.E.P002
2023-10-06 00:50:42,449 - Pablo Paredes Romero ha cambiado la taquilla 1.0.E.P002 a 1.0.F.P050
2023-10-06 00:51:12,445 - Pablo Paredes Romero ha eliminado la taquilla 1.0.F.P050
2023-11-23 13:44:53,388 - Pablo Paredes Romero ha cambiado los datos de la taquilla 4.0.E.G030
2023-11-23 13:45:26,721 - Eduardo Alarcón ha cambiado el estado de la taquilla de 100472508 de 4.0.E.G049 a Ocupada
2023-11-23 13:45:39,028 - Pablo Paredes Romero ha cambiado los datos de la taquilla 4.0.E.G049
2024-04-17 15:27:28,455 - generated new fontManager
2024-04-17 15:28:51,812 - Eduardo Alarcón ha añadido al usuario m_gomez
2024-04-22 10:45:44,027 - Carlos Zaragoza Arocha ha cambiado el estado de la taquilla de 100451698 de 2.3.A.G002 a Ocupada
2024-04-22 10:59:44,207 - Eduardo Alarcón ha subido una nueva base de datos
2024-04-22 11:06:19,429 - Carlos Zaragoza Arocha ha eliminado las reservas pasadas de tiempo
2024-04-23 08:39:09,097 - Pablo Paredes Romero ha cambiado una taquilla a ser asociación a Asociación
2024-04-23 09:34:01,084 - Eduardo Alarcón ha cambiado el estado de la taquilla de 100451178 de 1.0.F.P050 a Ocupada
2024-05-06 08:50:40,021 - Carlos Buendía Merino ha cambiado el estado de la taquilla de 100522191 de 4.0.E.G046 a Ocupada
2024-05-06 10:58:16,953 - Carlos Buendía Merino ha cambiado el estado de la taquilla de 100451698 de 2.3.A.G003 a Ocupada
